# JRE version: Java(TM) SE Runtime Environment (17.0.8+9) (build 17.0.8+9-LTS-211)
# Java VM: Java HotSpot(TM) 64-Bit Server VM (17.0.8+9-LTS-211, mixed mode, sharing, tiered, compressed oops, compressed class ptrs, g1 gc, windows-amd64)
GC Precious Log:
 CPUs: 12 total, 12 available
 Memory: 16253M
 Large Page Support: Disabled
 NUMA Support: Disabled
 Compressed Oops: Enabled (Zero based)
 Heap Region Size: 2M
 Heap Min Capacity: 8M
 Heap Initial Capacity: 254M
 Heap Max Capacity: 4064M
 Pre-touch: Disabled
 Parallel Workers: 10
 Concurrent Workers: 3
 Concurrent Refinement Workers: 10
 Periodic GC: Disabled
Heap:
 garbage-first heap   total 116736K, used 41327K [0x0000000702000000, 0x0000000800000000)
  region size 2048K, 13 young (26624K), 5 survivors (10240K)
 Metaspace       used 59855K, committed 60416K, reserved 1114112K
  class space    used 8008K, committed 8256K, reserved 1048576K
GC Heap History (20 events):
Event: 2.221 GC heap before
{Heap before GC invocations=4 (full 0):
 garbage-first heap   total 55296K, used 37669K [0x0000000702000000, 0x0000000800000000)
  region size 2048K, 16 young (32768K), 4 survivors (8192K)
 Metaspace       used 24550K, committed 25024K, reserved 1114112K
  class space    used 3092K, committed 3328K, reserved 1048576K
}
Event: 2.226 GC heap after
{Heap after GC invocations=5 (full 0):
 garbage-first heap   total 55296K, used 15460K [0x0000000702000000, 0x0000000800000000)
  region size 2048K, 2 young (4096K), 2 survivors (4096K)
 Metaspace       used 24550K, committed 25024K, reserved 1114112K
  class space    used 3092K, committed 3328K, reserved 1048576K
}
Event: 2.272 GC heap before
{Heap before GC invocations=5 (full 0):
 garbage-first heap   total 55296K, used 17508K [0x0000000702000000, 0x0000000800000000)
  region size 2048K, 3 young (6144K), 2 survivors (4096K)
 Metaspace       used 24830K, committed 25216K, reserved 1114112K
  class space    used 3139K, committed 3328K, reserved 1048576K
}
Event: 2.274 GC heap after
{Heap after GC invocations=6 (full 0):
 garbage-first heap   total 55296K, used 16045K [0x0000000702000000, 0x0000000800000000)
  region size 2048K, 1 young (2048K), 1 survivors (2048K)
 Metaspace       used 24830K, committed 25216K, reserved 1114112K
  class space    used 3139K, committed 3328K, reserved 1048576K
}
Event: 2.580 GC heap before
{Heap before GC invocations=6 (full 0):
 garbage-first heap   total 55296K, used 36525K [0x0000000702000000, 0x0000000800000000)
  region size 2048K, 11 young (22528K), 1 survivors (2048K)
 Metaspace       used 28028K, committed 28480K, reserved 1114112K
  class space    used 3547K, committed 3776K, reserved 1048576K
}
Event: 2.582 GC heap after
{Heap after GC invocations=7 (full 0):
 garbage-first heap   total 55296K, used 17078K [0x0000000702000000, 0x0000000800000000)
  region size 2048K, 1 young (2048K), 1 survivors (2048K)
 Metaspace       used 28028K, committed 28480K, reserved 1114112K
  class space    used 3547K, committed 3776K, reserved 1048576K
}
Event: 2.805 GC heap before
{Heap before GC invocations=7 (full 0):
 garbage-first heap   total 55296K, used 35510K [0x0000000702000000, 0x0000000800000000)
  region size 2048K, 11 young (22528K), 1 survivors (2048K)
 Metaspace       used 32896K, committed 33408K, reserved 1114112K
  class space    used 4088K, committed 4352K, reserved 1048576K
}
Event: 2.806 GC heap after
{Heap after GC invocations=8 (full 0):
 garbage-first heap   total 55296K, used 18370K [0x0000000702000000, 0x0000000800000000)
  region size 2048K, 2 young (4096K), 2 survivors (4096K)
 Metaspace       used 32896K, committed 33408K, reserved 1114112K
  class space    used 4088K, committed 4352K, reserved 1048576K
}
Event: 3.028 GC heap before
{Heap before GC invocations=8 (full 0):
 garbage-first heap   total 55296K, used 32706K [0x0000000702000000, 0x0000000800000000)
  region size 2048K, 10 young (20480K), 2 survivors (4096K)
 Metaspace       used 35523K, committed 35968K, reserved 1114112K
  class space    used 4459K, committed 4672K, reserved 1048576K
}
Event: 3.031 GC heap after
{Heap after GC invocations=9 (full 0):
 garbage-first heap   total 55296K, used 19195K [0x0000000702000000, 0x0000000800000000)
  region size 2048K, 2 young (4096K), 2 survivors (4096K)
 Metaspace       used 35523K, committed 35968K, reserved 1114112K
  class space    used 4459K, committed 4672K, reserved 1048576K
}
Event: 3.332 GC heap before
{Heap before GC invocations=10 (full 0):
 garbage-first heap   total 55296K, used 37627K [0x0000000702000000, 0x0000000800000000)
  region size 2048K, 11 young (22528K), 2 survivors (4096K)
 Metaspace       used 39032K, committed 39552K, reserved 1114112K
  class space    used 5051K, committed 5312K, reserved 1048576K
}
Event: 3.334 GC heap after
{Heap after GC invocations=11 (full 0):
 garbage-first heap   total 55296K, used 19660K [0x0000000702000000, 0x0000000800000000)
  region size 2048K, 2 young (4096K), 2 survivors (4096K)
 Metaspace       used 39032K, committed 39552K, reserved 1114112K
  class space    used 5051K, committed 5312K, reserved 1048576K
}
Event: 3.371 GC heap before
{Heap before GC invocations=11 (full 0):
 garbage-first heap   total 55296K, used 21708K [0x0000000702000000, 0x0000000800000000)
  region size 2048K, 3 young (6144K), 2 survivors (4096K)
 Metaspace       used 39419K, committed 39936K, reserved 1114112K
  class space    used 5119K, committed 5376K, reserved 1048576K
}
Event: 3.374 GC heap after
{Heap after GC invocations=12 (full 0):
 garbage-first heap   total 55296K, used 19507K [0x0000000702000000, 0x0000000800000000)
  region size 2048K, 1 young (2048K), 1 survivors (2048K)
 Metaspace       used 39419K, committed 39936K, reserved 1114112K
  class space    used 5119K, committed 5376K, reserved 1048576K
}
Event: 3.716 GC heap before
{Heap before GC invocations=12 (full 0):
 garbage-first heap   total 55296K, used 39987K [0x0000000702000000, 0x0000000800000000)
  region size 2048K, 11 young (22528K), 1 survivors (2048K)
 Metaspace       used 42677K, committed 43200K, reserved 1114112K
  class space    used 5573K, committed 5824K, reserved 1048576K
}
Event: 3.718 GC heap after
{Heap after GC invocations=13 (full 0):
 garbage-first heap   total 157696K, used 20743K [0x0000000702000000, 0x0000000800000000)
  region size 2048K, 2 young (4096K), 2 survivors (4096K)
 Metaspace       used 42677K, committed 43200K, reserved 1114112K
  class space    used 5573K, committed 5824K, reserved 1048576K
}
Event: 4.771 GC heap before
{Heap before GC invocations=13 (full 0):
 garbage-first heap   total 157696K, used 110855K [0x0000000702000000, 0x0000000800000000)
  region size 2048K, 46 young (94208K), 2 survivors (4096K)
 Metaspace       used 57206K, committed 57792K, reserved 1114112K
  class space    used 7695K, committed 7936K, reserved 1048576K
}
Event: 4.774 GC heap after
{Heap after GC invocations=14 (full 0):
 garbage-first heap   total 157696K, used 24664K [0x0000000702000000, 0x0000000800000000)
  region size 2048K, 3 young (6144K), 3 survivors (6144K)
 Metaspace       used 57206K, committed 57792K, reserved 1114112K
  class space    used 7695K, committed 7936K, reserved 1048576K
}
Event: 5.215 GC heap before
{Heap before GC invocations=14 (full 0):
 garbage-first heap   total 157696K, used 84056K [0x0000000702000000, 0x0000000800000000)
  region size 2048K, 33 young (67584K), 3 survivors (6144K)
 Metaspace       used 59741K, committed 60288K, reserved 1114112K
  class space    used 8001K, committed 8256K, reserved 1048576K
}
Event: 5.219 GC heap after
{Heap after GC invocations=15 (full 0):
 garbage-first heap   total 157696K, used 26991K [0x0000000702000000, 0x0000000800000000)
  region size 2048K, 5 young (10240K), 5 survivors (10240K)
 Metaspace       used 59741K, committed 60288K, reserved 1114112K
  class space    used 8001K, committed 8256K, reserved 1048576K
}

