# JRE version: Java(TM) SE Runtime Environment (17.0.8+9) (build 17.0.8+9-LTS-211)
# Java VM: Java HotSpot(TM) 64-Bit Server VM (17.0.8+9-LTS-211, mixed mode, sharing, tiered, compressed oops, compressed class ptrs, g1 gc, windows-amd64)
GC Precious Log:
 CPUs: 12 total, 12 available
 Memory: 16253M
 Large Page Support: Disabled
 NUMA Support: Disabled
 Compressed Oops: Enabled (Zero based)
 Heap Region Size: 2M
 Heap Min Capacity: 8M
 Heap Initial Capacity: 254M
 Heap Max Capacity: 4064M
 Pre-touch: Disabled
 Parallel Workers: 10
 Concurrent Workers: 3
 Concurrent Refinement Workers: 10
 Periodic GC: Disabled
Heap:
 garbage-first heap   total 59392K, used 28936K [0x0000000702000000, 0x0000000800000000)
  region size 2048K, 2 young (4096K), 2 survivors (4096K)
 Metaspace       used 60960K, committed 61504K, reserved 1114112K
  class space    used 8212K, committed 8448K, reserved 1048576K
GC Heap History (20 events):
Event: 3.953 GC heap after
{Heap after GC invocations=13 (full 0):
 garbage-first heap   total 55296K, used 21625K [0x0000000702000000, 0x0000000800000000)
  region size 2048K, 2 young (4096K), 2 survivors (4096K)
 Metaspace       used 46300K, committed 46784K, reserved 1114112K
  class space    used 6023K, committed 6272K, reserved 1048576K
}
Event: 4.192 GC heap before
{Heap before GC invocations=13 (full 0):
 garbage-first heap   total 55296K, used 40057K [0x0000000702000000, 0x0000000800000000)
  region size 2048K, 11 young (22528K), 2 survivors (4096K)
 Metaspace       used 51232K, committed 51712K, reserved 1114112K
  class space    used 6880K, committed 7104K, reserved 1048576K
}
Event: 4.194 GC heap after
{Heap after GC invocations=14 (full 0):
 garbage-first heap   total 55296K, used 22042K [0x0000000702000000, 0x0000000800000000)
  region size 2048K, 1 young (2048K), 1 survivors (2048K)
 Metaspace       used 51232K, committed 51712K, reserved 1114112K
  class space    used 6880K, committed 7104K, reserved 1048576K
}
Event: 4.348 GC heap before
{Heap before GC invocations=14 (full 0):
 garbage-first heap   total 55296K, used 42522K [0x0000000702000000, 0x0000000800000000)
  region size 2048K, 11 young (22528K), 1 survivors (2048K)
 Metaspace       used 52439K, committed 52928K, reserved 1114112K
  class space    used 7028K, committed 7296K, reserved 1048576K
}
Event: 4.349 GC heap after
{Heap after GC invocations=15 (full 0):
 garbage-first heap   total 55296K, used 22285K [0x0000000702000000, 0x0000000800000000)
  region size 2048K, 1 young (2048K), 1 survivors (2048K)
 Metaspace       used 52439K, committed 52928K, reserved 1114112K
  class space    used 7028K, committed 7296K, reserved 1048576K
}
Event: 4.659 GC heap before
{Heap before GC invocations=15 (full 0):
 garbage-first heap   total 55296K, used 42765K [0x0000000702000000, 0x0000000800000000)
  region size 2048K, 12 young (24576K), 1 survivors (2048K)
 Metaspace       used 55876K, committed 56384K, reserved 1114112K
  class space    used 7565K, committed 7808K, reserved 1048576K
}
Event: 4.660 GC heap after
{Heap after GC invocations=16 (full 0):
 garbage-first heap   total 55296K, used 23671K [0x0000000702000000, 0x0000000800000000)
  region size 2048K, 2 young (4096K), 2 survivors (4096K)
 Metaspace       used 55876K, committed 56384K, reserved 1114112K
  class space    used 7565K, committed 7808K, reserved 1048576K
}
Event: 5.004 GC heap before
{Heap before GC invocations=16 (full 0):
 garbage-first heap   total 55296K, used 44151K [0x0000000702000000, 0x0000000800000000)
  region size 2048K, 12 young (24576K), 2 survivors (4096K)
 Metaspace       used 58883K, committed 59456K, reserved 1114112K
  class space    used 7906K, committed 8192K, reserved 1048576K
}
Event: 5.007 GC heap after
{Heap after GC invocations=17 (full 0):
 garbage-first heap   total 55296K, used 25814K [0x0000000702000000, 0x0000000800000000)
  region size 2048K, 2 young (4096K), 2 survivors (4096K)
 Metaspace       used 58883K, committed 59456K, reserved 1114112K
  class space    used 7906K, committed 8192K, reserved 1048576K
}
Event: 5.135 GC heap before
{Heap before GC invocations=17 (full 0):
 garbage-first heap   total 55296K, used 44246K [0x0000000702000000, 0x0000000800000000)
  region size 2048K, 11 young (22528K), 2 survivors (4096K)
 Metaspace       used 59493K, committed 60032K, reserved 1114112K
  class space    used 7984K, committed 8256K, reserved 1048576K
}
Event: 5.136 GC heap after
{Heap after GC invocations=18 (full 0):
 garbage-first heap   total 55296K, used 26681K [0x0000000702000000, 0x0000000800000000)
  region size 2048K, 2 young (4096K), 2 survivors (4096K)
 Metaspace       used 59493K, committed 60032K, reserved 1114112K
  class space    used 7984K, committed 8256K, reserved 1048576K
}
Event: 5.188 GC heap before
{Heap before GC invocations=18 (full 0):
 garbage-first heap   total 55296K, used 43065K [0x0000000702000000, 0x0000000800000000)
  region size 2048K, 10 young (20480K), 2 survivors (4096K)
 Metaspace       used 59596K, committed 60160K, reserved 1114112K
  class space    used 7990K, committed 8256K, reserved 1048576K
}
Event: 5.189 GC heap after
{Heap after GC invocations=19 (full 0):
 garbage-first heap   total 55296K, used 26899K [0x0000000702000000, 0x0000000800000000)
  region size 2048K, 1 young (2048K), 1 survivors (2048K)
 Metaspace       used 59596K, committed 60160K, reserved 1114112K
  class space    used 7990K, committed 8256K, reserved 1048576K
}
Event: 5.232 GC heap before
{Heap before GC invocations=19 (full 0):
 garbage-first heap   total 55296K, used 41235K [0x0000000702000000, 0x0000000800000000)
  region size 2048K, 9 young (18432K), 1 survivors (2048K)
 Metaspace       used 59733K, committed 60288K, reserved 1114112K
  class space    used 8001K, committed 8256K, reserved 1048576K
}
Event: 5.233 GC heap after
{Heap after GC invocations=20 (full 0):
 garbage-first heap   total 55296K, used 27118K [0x0000000702000000, 0x0000000800000000)
  region size 2048K, 1 young (2048K), 1 survivors (2048K)
 Metaspace       used 59733K, committed 60288K, reserved 1114112K
  class space    used 8001K, committed 8256K, reserved 1048576K
}
Event: 5.291 GC heap before
{Heap before GC invocations=21 (full 0):
 garbage-first heap   total 59392K, used 43502K [0x0000000702000000, 0x0000000800000000)
  region size 2048K, 9 young (18432K), 1 survivors (2048K)
 Metaspace       used 59834K, committed 60416K, reserved 1114112K
  class space    used 8008K, committed 8256K, reserved 1048576K
}
Event: 5.292 GC heap after
{Heap after GC invocations=22 (full 0):
 garbage-first heap   total 59392K, used 27485K [0x0000000702000000, 0x0000000800000000)
  region size 2048K, 1 young (2048K), 1 survivors (2048K)
 Metaspace       used 59834K, committed 60416K, reserved 1114112K
  class space    used 8008K, committed 8256K, reserved 1048576K
}
Event: 5.338 GC heap before
{Heap before GC invocations=22 (full 0):
 garbage-first heap   total 59392K, used 47965K [0x0000000702000000, 0x0000000800000000)
  region size 2048K, 11 young (22528K), 1 survivors (2048K)
 Metaspace       used 60013K, committed 60608K, reserved 1114112K
  class space    used 8027K, committed 8320K, reserved 1048576K
}
Event: 5.338 GC heap after
{Heap after GC invocations=23 (full 0):
 garbage-first heap   total 59392K, used 27883K [0x0000000702000000, 0x0000000800000000)
  region size 2048K, 2 young (4096K), 2 survivors (4096K)
 Metaspace       used 60013K, committed 60608K, reserved 1114112K
  class space    used 8027K, committed 8320K, reserved 1048576K
}
Event: 5.503 GC heap before
{Heap before GC invocations=23 (full 0):
 garbage-first heap   total 59392K, used 46315K [0x0000000702000000, 0x0000000800000000)
  region size 2048K, 11 young (22528K), 2 survivors (4096K)
 Metaspace       used 60960K, committed 61504K, reserved 1114112K
  class space    used 8212K, committed 8448K, reserved 1048576K
}

